1612229877665	geckodriver	INFO	Listening on 127.0.0.1:55237
1612229878598	mozrunner::runner	INFO	Running command: "/usr/bin/firefox" "--marionette" "-foreground" "-no-remote" "-profile" "/tmp/rust_mozprofilekqsokN"
console.warn: SearchSettings: "get: No settings file exists, new profile?" (new Error("", "(unknown module)"))
1612229883673	Marionette	INFO	Listening on port 33281
1612229883759	Marionette	WARN	TLS certificate errors will be ignored for this session
1612229897198	Marionette	INFO	Stopped listening on port 33281
1612229968224	geckodriver	INFO	Listening on 127.0.0.1:35457
1612229969228	mozrunner::runner	INFO	Running command: "/usr/bin/firefox" "--marionette" "-foreground" "-no-remote" "-profile" "/tmp/rust_mozprofileS1LabJ"
console.warn: SearchSettings: "get: No settings file exists, new profile?" (new Error("", "(unknown module)"))
1612229973538	Marionette	INFO	Listening on port 39549
1612229973645	Marionette	WARN	TLS certificate errors will be ignored for this session
1612229991015	Marionette	INFO	Stopped listening on port 39549
1612230019657	geckodriver	INFO	Listening on 127.0.0.1:35047
1612230020660	mozrunner::runner	INFO	Running command: "/usr/bin/firefox" "--marionette" "-foreground" "-no-remote" "-profile" "/tmp/rust_mozprofileqRVuXh"
console.warn: SearchSettings: "get: No settings file exists, new profile?" (new Error("", "(unknown module)"))
1612230024794	Marionette	INFO	Listening on port 43997
1612230024942	Marionette	WARN	TLS certificate errors will be ignored for this session
1612230038692	Marionette	INFO	Stopped listening on port 43997
1612230476824	geckodriver	INFO	Listening on 127.0.0.1:53829
1612230477828	mozrunner::runner	INFO	Running command: "/usr/bin/firefox" "--marionette" "-foreground" "-no-remote" "-profile" "/tmp/rust_mozprofileuSpqke"
console.warn: SearchSettings: "get: No settings file exists, new profile?" (new Error("", "(unknown module)"))
1612230482494	Marionette	INFO	Listening on port 39029
1612230482615	Marionette	WARN	TLS certificate errors will be ignored for this session
1612230496180	Marionette	INFO	Stopped listening on port 39029
1612230535287	geckodriver	INFO	Listening on 127.0.0.1:34075
1612230536291	mozrunner::runner	INFO	Running command: "/usr/bin/firefox" "--marionette" "-foreground" "-no-remote" "-profile" "/tmp/rust_mozprofile573VsA"
console.warn: SearchSettings: "get: No settings file exists, new profile?" (new Error("", "(unknown module)"))
1612230540512	Marionette	INFO	Listening on port 38315
1612230540595	Marionette	WARN	TLS certificate errors will be ignored for this session
1612230554495	Marionette	INFO	Stopped listening on port 38315
1612230891368	geckodriver	INFO	Listening on 127.0.0.1:49041
1612230892372	mozrunner::runner	INFO	Running command: "/usr/bin/firefox" "--marionette" "-foreground" "-no-remote" "-profile" "/tmp/rust_mozprofileQW463q"
console.warn: SearchSettings: "get: No settings file exists, new profile?" (new Error("", "(unknown module)"))
1612230896532	Marionette	INFO	Listening on port 45313
1612230900052	Marionette	WARN	TLS certificate errors will be ignored for this session
1612230913166	Marionette	INFO	Stopped listening on port 45313
1612230955517	geckodriver	INFO	Listening on 127.0.0.1:46809
1612230956521	mozrunner::runner	INFO	Running command: "/usr/bin/firefox" "--marionette" "-foreground" "-no-remote" "-profile" "/tmp/rust_mozprofiledkgia4"
console.warn: SearchSettings: "get: No settings file exists, new profile?" (new Error("", "(unknown module)"))
1612230960606	Marionette	INFO	Listening on port 38669
1612230960694	Marionette	WARN	TLS certificate errors will be ignored for this session
1612230974147	Marionette	INFO	Stopped listening on port 38669
1612231112713	geckodriver	INFO	Listening on 127.0.0.1:56305
1612231113718	mozrunner::runner	INFO	Running command: "/usr/bin/firefox" "--marionette" "-foreground" "-no-remote" "-profile" "/tmp/rust_mozprofile2deCYa"
console.warn: SearchSettings: "get: No settings file exists, new profile?" (new Error("", "(unknown module)"))
1612231117966	Marionette	INFO	Listening on port 46641
1612231118103	Marionette	WARN	TLS certificate errors will be ignored for this session
1612231135954	Marionette	INFO	Stopped listening on port 46641
1612231159459	geckodriver	INFO	Listening on 127.0.0.1:41359
1612231160463	mozrunner::runner	INFO	Running command: "/usr/bin/firefox" "--marionette" "-foreground" "-no-remote" "-profile" "/tmp/rust_mozprofileuKtMtp"
console.warn: SearchSettings: "get: No settings file exists, new profile?" (new Error("", "(unknown module)"))
1612231164545	Marionette	INFO	Listening on port 37719
1612231164654	Marionette	WARN	TLS certificate errors will be ignored for this session
1612231177478	Marionette	INFO	Stopped listening on port 37719
1612231412402	geckodriver	INFO	Listening on 127.0.0.1:36315
1612231413406	mozrunner::runner	INFO	Running command: "/usr/bin/firefox" "--marionette" "-foreground" "-no-remote" "-profile" "/tmp/rust_mozprofilesi97xl"
console.warn: SearchSettings: "get: No settings file exists, new profile?" (new Error("", "(unknown module)"))
1612231417778	Marionette	INFO	Listening on port 38201
1612231417883	Marionette	WARN	TLS certificate errors will be ignored for this session
1612231438406	Marionette	INFO	Stopped listening on port 38201
1612231712917	geckodriver	INFO	Listening on 127.0.0.1:42025
1612231713920	mozrunner::runner	INFO	Running command: "/usr/bin/firefox" "--marionette" "-foreground" "-no-remote" "-profile" "/tmp/rust_mozprofileT0CAtd"
console.warn: SearchSettings: "get: No settings file exists, new profile?" (new Error("", "(unknown module)"))
1612231718075	Marionette	INFO	Listening on port 34011
1612231718215	Marionette	WARN	TLS certificate errors will be ignored for this session
1612231739317	Marionette	INFO	Stopped listening on port 34011
1612231791111	geckodriver	INFO	Listening on 127.0.0.1:47063
1612231792115	mozrunner::runner	INFO	Running command: "/usr/bin/firefox" "--marionette" "-foreground" "-no-remote" "-profile" "/tmp/rust_mozprofile2cltHX"
console.warn: SearchSettings: "get: No settings file exists, new profile?" (new Error("", "(unknown module)"))
1612231796273	Marionette	INFO	Listening on port 36089
1612231796413	Marionette	WARN	TLS certificate errors will be ignored for this session
1612231810607	Marionette	INFO	Stopped listening on port 36089
1612231824757	geckodriver	INFO	Listening on 127.0.0.1:43855
1612231825761	mozrunner::runner	INFO	Running command: "/usr/bin/firefox" "--marionette" "-foreground" "-no-remote" "-profile" "/tmp/rust_mozprofileKpdw8C"
console.warn: SearchSettings: "get: No settings file exists, new profile?" (new Error("", "(unknown module)"))
1612231830698	Marionette	INFO	Listening on port 42567
1612231830827	Marionette	WARN	TLS certificate errors will be ignored for this session
1612231844349	Marionette	INFO	Stopped listening on port 42567
1612232084977	geckodriver	INFO	Listening on 127.0.0.1:36871
1612232085982	mozrunner::runner	INFO	Running command: "/usr/bin/firefox" "--marionette" "-foreground" "-no-remote" "-profile" "/tmp/rust_mozprofile8IIeQQ"
console.warn: SearchSettings: "get: No settings file exists, new profile?" (new Error("", "(unknown module)"))
1612232090339	Marionette	INFO	Listening on port 33645
1612232090468	Marionette	WARN	TLS certificate errors will be ignored for this session
1612232104095	Marionette	INFO	Stopped listening on port 33645
1612232212107	geckodriver	INFO	Listening on 127.0.0.1:52091
1612232213112	mozrunner::runner	INFO	Running command: "/usr/bin/firefox" "--marionette" "-foreground" "-no-remote" "-profile" "/tmp/rust_mozprofilejLr14n"
console.warn: SearchSettings: "get: No settings file exists, new profile?" (new Error("", "(unknown module)"))
1612232217362	Marionette	INFO	Listening on port 44591
1612232217498	Marionette	WARN	TLS certificate errors will be ignored for this session
1612232230899	Marionette	INFO	Stopped listening on port 44591
1612232264093	geckodriver	INFO	Listening on 127.0.0.1:37011
1612232265097	mozrunner::runner	INFO	Running command: "/usr/bin/firefox" "--marionette" "-foreground" "-no-remote" "-profile" "/tmp/rust_mozprofileERAz7t"
console.warn: SearchSettings: "get: No settings file exists, new profile?" (new Error("", "(unknown module)"))
1612232269261	Marionette	INFO	Listening on port 45323
1612232269382	Marionette	WARN	TLS certificate errors will be ignored for this session
1612232283101	Marionette	INFO	Stopped listening on port 45323
1612232431263	geckodriver	INFO	Listening on 127.0.0.1:33609
1612232432268	mozrunner::runner	INFO	Running command: "/usr/bin/firefox" "--marionette" "-foreground" "-no-remote" "-profile" "/tmp/rust_mozprofilehguOhP"
console.warn: SearchSettings: "get: No settings file exists, new profile?" (new Error("", "(unknown module)"))
1612232436454	Marionette	INFO	Listening on port 35683
1612232436550	Marionette	WARN	TLS certificate errors will be ignored for this session
1612232449931	Marionette	INFO	Stopped listening on port 35683
1612232608852	geckodriver	INFO	Listening on 127.0.0.1:53389
1612232609855	mozrunner::runner	INFO	Running command: "/usr/bin/firefox" "--marionette" "-foreground" "-no-remote" "-profile" "/tmp/rust_mozprofileap3JeX"
console.warn: SearchSettings: "get: No settings file exists, new profile?" (new Error("", "(unknown module)"))
1612232614255	Marionette	INFO	Listening on port 45653
1612232614338	Marionette	WARN	TLS certificate errors will be ignored for this session
1612232627867	Marionette	INFO	Stopped listening on port 45653
1612232675896	geckodriver	INFO	Listening on 127.0.0.1:44245
1612232675905	mozrunner::runner	INFO	Running command: "/usr/bin/firefox" "--marionette" "-foreground" "-no-remote" "-profile" "/tmp/rust_mozprofilewqctee"
console.warn: SearchSettings: "get: No settings file exists, new profile?" (new Error("", "(unknown module)"))
1612232680403	Marionette	INFO	Listening on port 34463
1612232680497	Marionette	WARN	TLS certificate errors will be ignored for this session
1612232694920	Marionette	INFO	Stopped listening on port 34463
1612232712328	geckodriver	INFO	Listening on 127.0.0.1:35757
1612232713332	mozrunner::runner	INFO	Running command: "/usr/bin/firefox" "--marionette" "-foreground" "-no-remote" "-profile" "/tmp/rust_mozprofile0S9O9C"
console.warn: SearchSettings: "get: No settings file exists, new profile?" (new Error("", "(unknown module)"))
1612232717554	Marionette	INFO	Listening on port 44559
1612232717667	Marionette	WARN	TLS certificate errors will be ignored for this session
1612232736384	Marionette	INFO	Stopped listening on port 44559
1612232750555	geckodriver	INFO	Listening on 127.0.0.1:45745
1612232751558	mozrunner::runner	INFO	Running command: "/usr/bin/firefox" "--marionette" "-foreground" "-no-remote" "-profile" "/tmp/rust_mozprofileZ40Dwr"
console.warn: SearchSettings: "get: No settings file exists, new profile?" (new Error("", "(unknown module)"))
1612232755769	Marionette	INFO	Listening on port 35433
1612232755854	Marionette	WARN	TLS certificate errors will be ignored for this session
1612232769421	Marionette	INFO	Stopped listening on port 35433
1612470573038	geckodriver	INFO	Listening on 127.0.0.1:33433
1612470573967	mozrunner::runner	INFO	Running command: "/usr/bin/firefox" "--marionette" "-foreground" "-no-remote" "-profile" "/tmp/rust_mozprofilepxiuXx"
console.warn: SearchSettings: "get: No settings file exists, new profile?" (new Error("", "(unknown module)"))
console.warn: SearchSettings: "get: No settings file exists, new profile?" (new Error("", "(unknown module)"))
1612470578878	Marionette	INFO	Listening on port 36239
1612470578978	Marionette	WARN	TLS certificate errors will be ignored for this session
1612470579018	Marionette	ERROR	[15] No reply from Marionette:Register
1612470593035	Marionette	INFO	Stopped listening on port 36239
1612470624939	geckodriver	INFO	Listening on 127.0.0.1:51809
1612470624950	mozrunner::runner	INFO	Running command: "/usr/bin/firefox" "--marionette" "-foreground" "-no-remote" "-profile" "/tmp/rust_mozprofileul4P7c"
console.warn: SearchSettings: "get: No settings file exists, new profile?" (new Error("", "(unknown module)"))
console.warn: SearchSettings: "get: No settings file exists, new profile?" (new Error("", "(unknown module)"))
1612470629186	Marionette	INFO	Listening on port 32821
1612470629344	Marionette	WARN	TLS certificate errors will be ignored for this session
1612470629390	Marionette	ERROR	[15] No reply from Marionette:Register
1612470652153	Marionette	INFO	Stopped listening on port 32821
1612477296726	geckodriver	INFO	Listening on 127.0.0.1:59805
1612477297730	mozrunner::runner	INFO	Running command: "/usr/bin/firefox" "--marionette" "-foreground" "-no-remote" "-profile" "/tmp/rust_mozprofileB3KW2X"
console.warn: SearchSettings: "get: No settings file exists, new profile?" (new Error("", "(unknown module)"))
console.warn: SearchSettings: "get: No settings file exists, new profile?" (new Error("", "(unknown module)"))
1612477301921	Marionette	INFO	Listening on port 40633
1612477302018	Marionette	WARN	TLS certificate errors will be ignored for this session
1612477302060	Marionette	ERROR	[15] No reply from Marionette:Register
1612477319709	Marionette	INFO	Stopped listening on port 40633
1612477359090	geckodriver	INFO	Listening on 127.0.0.1:55963
1612477360094	mozrunner::runner	INFO	Running command: "/usr/bin/firefox" "--marionette" "-foreground" "-no-remote" "-profile" "/tmp/rust_mozprofilewwQGc1"
console.warn: SearchSettings: "get: No settings file exists, new profile?" (new Error("", "(unknown module)"))
console.warn: SearchSettings: "get: No settings file exists, new profile?" (new Error("", "(unknown module)"))
1612477364668	Marionette	INFO	Listening on port 34153
1612477364833	Marionette	WARN	TLS certificate errors will be ignored for this session
1612477364895	Marionette	ERROR	[15] No reply from Marionette:Register
1612477383718	Marionette	INFO	Stopped listening on port 34153
1612477469488	geckodriver	INFO	Listening on 127.0.0.1:59347
1612477470491	mozrunner::runner	INFO	Running command: "/usr/bin/firefox" "--marionette" "-foreground" "-no-remote" "-profile" "/tmp/rust_mozprofileWcMWZq"
console.warn: SearchSettings: "get: No settings file exists, new profile?" (new Error("", "(unknown module)"))
console.warn: SearchSettings: "get: No settings file exists, new profile?" (new Error("", "(unknown module)"))
1612477474851	Marionette	INFO	Listening on port 41071
1612477475007	Marionette	WARN	TLS certificate errors will be ignored for this session
1612477475067	Marionette	ERROR	[15] No reply from Marionette:Register
1612477493281	Marionette	INFO	Stopped listening on port 41071
1612477560770	geckodriver	INFO	Listening on 127.0.0.1:34527
1612477561773	mozrunner::runner	INFO	Running command: "/usr/bin/firefox" "--marionette" "-foreground" "-no-remote" "-profile" "/tmp/rust_mozprofileW5j3Q2"
console.warn: SearchSettings: "get: No settings file exists, new profile?" (new Error("", "(unknown module)"))
console.warn: SearchSettings: "get: No settings file exists, new profile?" (new Error("", "(unknown module)"))
1612477565845	Marionette	INFO	Listening on port 43493
1612477565946	Marionette	WARN	TLS certificate errors will be ignored for this session
1612477565989	Marionette	ERROR	[15] No reply from Marionette:Register
1612477584322	Marionette	INFO	Stopped listening on port 43493
1612477608328	geckodriver	INFO	Listening on 127.0.0.1:34915
1612477609331	mozrunner::runner	INFO	Running command: "/usr/bin/firefox" "--marionette" "-foreground" "-no-remote" "-profile" "/tmp/rust_mozprofileWVG1i5"
console.warn: SearchSettings: "get: No settings file exists, new profile?" (new Error("", "(unknown module)"))
console.warn: SearchSettings: "get: No settings file exists, new profile?" (new Error("", "(unknown module)"))
1612477613445	Marionette	INFO	Listening on port 44937
1612477613539	Marionette	WARN	TLS certificate errors will be ignored for this session
1612477613581	Marionette	ERROR	[15] No reply from Marionette:Register
1612477631356	Marionette	INFO	Stopped listening on port 44937
1612477660658	geckodriver	INFO	Listening on 127.0.0.1:36967
1612477661662	mozrunner::runner	INFO	Running command: "/usr/bin/firefox" "--marionette" "-foreground" "-no-remote" "-profile" "/tmp/rust_mozprofileKNnaDD"
console.warn: SearchSettings: "get: No settings file exists, new profile?" (new Error("", "(unknown module)"))
console.warn: SearchSettings: "get: No settings file exists, new profile?" (new Error("", "(unknown module)"))
1612477665738	Marionette	INFO	Listening on port 40433
1612477665843	Marionette	WARN	TLS certificate errors will be ignored for this session
1612477665899	Marionette	ERROR	[15] No reply from Marionette:Register
1612477684711	Marionette	INFO	Stopped listening on port 40433
1612477716038	geckodriver	INFO	Listening on 127.0.0.1:47545
1612477717041	mozrunner::runner	INFO	Running command: "/usr/bin/firefox" "--marionette" "-foreground" "-no-remote" "-profile" "/tmp/rust_mozprofile2TGr3G"
console.warn: SearchSettings: "get: No settings file exists, new profile?" (new Error("", "(unknown module)"))
console.warn: SearchSettings: "get: No settings file exists, new profile?" (new Error("", "(unknown module)"))
1612477721257	Marionette	INFO	Listening on port 41163
1612477721337	Marionette	WARN	TLS certificate errors will be ignored for this session
1612477721377	Marionette	ERROR	[15] No reply from Marionette:Register
1612477739713	Marionette	INFO	Stopped listening on port 41163
1612477870763	geckodriver	INFO	Listening on 127.0.0.1:54983
1612477871766	mozrunner::runner	INFO	Running command: "/usr/bin/firefox" "--marionette" "-foreground" "-no-remote" "-profile" "/tmp/rust_mozprofile70vZ1x"
console.warn: SearchSettings: "get: No settings file exists, new profile?" (new Error("", "(unknown module)"))
console.warn: SearchSettings: "get: No settings file exists, new profile?" (new Error("", "(unknown module)"))
1612477875808	Marionette	INFO	Listening on port 42349
1612477875929	Marionette	WARN	TLS certificate errors will be ignored for this session
1612477875984	Marionette	ERROR	[15] No reply from Marionette:Register
1612477894891	Marionette	INFO	Stopped listening on port 42349
1612477905096	geckodriver	INFO	Listening on 127.0.0.1:60045
1612477906099	mozrunner::runner	INFO	Running command: "/usr/bin/firefox" "--marionette" "-foreground" "-no-remote" "-profile" "/tmp/rust_mozprofileOJMYxH"
console.warn: SearchSettings: "get: No settings file exists, new profile?" (new Error("", "(unknown module)"))
console.warn: SearchSettings: "get: No settings file exists, new profile?" (new Error("", "(unknown module)"))
1612477910396	Marionette	INFO	Listening on port 33697
1612477910491	Marionette	WARN	TLS certificate errors will be ignored for this session
1612477910533	Marionette	ERROR	[15] No reply from Marionette:Register
1612477928579	Marionette	INFO	Stopped listening on port 33697
1612479209174	geckodriver	INFO	Listening on 127.0.0.1:36407
1612479210177	mozrunner::runner	INFO	Running command: "/usr/bin/firefox" "--marionette" "-foreground" "-no-remote" "-profile" "/tmp/rust_mozprofile1hXVAx"
console.warn: SearchSettings: "get: No settings file exists, new profile?" (new Error("", "(unknown module)"))
console.warn: SearchSettings: "get: No settings file exists, new profile?" (new Error("", "(unknown module)"))
1612479214406	Marionette	INFO	Listening on port 43905
1612479214552	Marionette	WARN	TLS certificate errors will be ignored for this session
1612479214597	Marionette	ERROR	[15] No reply from Marionette:Register
1612479236412	Marionette	INFO	Stopped listening on port 43905
1612486168397	geckodriver	INFO	Listening on 127.0.0.1:48733
1612486169401	mozrunner::runner	INFO	Running command: "/usr/bin/firefox" "--marionette" "-foreground" "-no-remote" "-profile" "/tmp/rust_mozprofileI0iPa8"
console.warn: SearchSettings: "get: No settings file exists, new profile?" (new Error("", "(unknown module)"))
console.warn: SearchSettings: "get: No settings file exists, new profile?" (new Error("", "(unknown module)"))
1612486173598	Marionette	INFO	Listening on port 41037
1612486173686	Marionette	WARN	TLS certificate errors will be ignored for this session
1612486173735	Marionette	ERROR	[15] No reply from Marionette:Register
1612486192691	Marionette	INFO	Stopped listening on port 41037
1612486392941	geckodriver	INFO	Listening on 127.0.0.1:56151
1612486393945	mozrunner::runner	INFO	Running command: "/usr/bin/firefox" "--marionette" "-foreground" "-no-remote" "-profile" "/tmp/rust_mozprofileC6ehgu"
console.warn: SearchSettings: "get: No settings file exists, new profile?" (new Error("", "(unknown module)"))
console.warn: SearchSettings: "get: No settings file exists, new profile?" (new Error("", "(unknown module)"))
1612486398108	Marionette	INFO	Listening on port 33735
1612486398242	Marionette	WARN	TLS certificate errors will be ignored for this session
1612486398278	Marionette	ERROR	[15] No reply from Marionette:Register
1612486398296	Marionette	INFO	Stopped listening on port 33735
JavaScript error: resource://activity-stream/lib/ASRouter.jsm, line 987: NS_ERROR_ILLEGAL_VALUE: Component returned failure code: 0x80070057 (NS_ERROR_ILLEGAL_VALUE) [nsIObserverService.removeObserver]
1612486408325	geckodriver	INFO	Listening on 127.0.0.1:55321
1612486409329	mozrunner::runner	INFO	Running command: "/usr/bin/firefox" "--marionette" "-foreground" "-no-remote" "-profile" "/tmp/rust_mozprofilepZATcY"
console.warn: SearchSettings: "get: No settings file exists, new profile?" (new Error("", "(unknown module)"))
console.warn: SearchSettings: "get: No settings file exists, new profile?" (new Error("", "(unknown module)"))
1612486413549	Marionette	INFO	Listening on port 34579
1612486413723	Marionette	WARN	TLS certificate errors will be ignored for this session
1612486413758	Marionette	ERROR	[15] No reply from Marionette:Register
1612486435319	Marionette	INFO	Stopped listening on port 34579
